<?xml version="1.0" encoding="UTF-8"?>
<!-- Generated by org.testng.reporters.JUnitReportReporter -->
<testsuite hostname="DEV-MA-2671-LAP" failures="0" tests="2" name="com.testing.selenium.v1.DataProviders" time="11.085" errors="0" timestamp="2023-04-05T11:48:17 IST" skipped="0">
  <testcase classname="com.testing.selenium.v1.DataProviders" name="search" time="6.344"/>
  <system-out>
    <![CDATA[Keyword entered is : TestNG
Search results are displayed.]]>
  </system-out>
  <testcase classname="com.testing.selenium.v1.DataProviders" name="search" time="4.741"/>
  <system-out>
    <![CDATA[Keyword entered is : Data provider in TestNG
Search results are displayed.]]>
  </system-out>
</testsuite> <!-- com.testing.selenium.v1.DataProviders -->
