<?xml version="1.0" encoding="UTF-8"?>
<!-- Generated by org.testng.reporters.JUnitReportReporter -->
<testsuite hostname="DEV-MA-2671-LAP" failures="0" tests="3" name="TestEnv.Testenvironment" time="0.015" errors="0" timestamp="2023-04-03T15:57:37 IST" skipped="0">
  <testcase classname="TestEnv.Testenvironment" name="T2" time="0.001"/>
  <system-out/>
  <testcase classname="TestEnv.Testenvironment" name="T1" time="0.001"/>
  <system-out/>
  <testcase classname="TestEnv.Testenvironment" name="T3" time="0.013"/>
  <system-out/>
</testsuite> <!-- TestEnv.Testenvironment -->
